<?xml version="1.0" encoding="UTF-8"?>
<!-- Generated by org.testng.reporters.JUnitReportReporter -->
<testsuite skipped="0" hostname="DESKTOP-NFATJD6" name="testCases.LoginPageTest" tests="2" failures="0" timestamp="14 Feb 2021 06:05:48 GMT" time="25.232" errors="0">
  <testcase name="loginTest" time="13.194" classname="testCases.LoginPageTest"/>
  <testcase name="loginpageTitleTest" time="12.038" classname="testCases.LoginPageTest"/>
</testsuite> <!-- testCases.LoginPageTest -->
